<?xml version="1.0" encoding="UTF-8"?>
<!-- Generated by org.testng.reporters.JUnitXMLReporter -->
<testsuite hostname="SK-20210202NYIX" ignored="3" name="API_AutoFramework_Demo" tests="14" failures="2"
           timestamp="10 三月 2021 06:44:38 GMT" time="0.027" errors="0">
    <testcase name="test1" time="0.003" classname="com.qa.z_liuhaoqun_lenarn_canshu.enabled_priopity"/>
    <testcase name="test3" time="0.001" classname="com.qa.z_liuhaoqun_lenarn_canshu.enabled_priopity"/>
    <testcase name="test" time="0.0" classname="com.qa.z_liuhaoqun_lenarn_canshu.my_test2"/>
    <testcase name="test4" time="0.0" classname="com.qa.z_liuhaoqun_lenarn_canshu.my_test2"/>
    <testcase name="test4" time="0.0" classname="com.qa.z_liuhaoqun_lenarn_canshu.my_test_Parameters"/>
    <testcase name="test02" time="0.0" classname="com.qa.z_liuhaoqun_lenarn_canshu.testng_group"/>
    <testcase name="test04" time="0.0" classname="com.qa.z_liuhaoqun_lenarn_canshu.testng_group"/>
    <testcase name="restartTomcatService" time="0.0"
              classname="com.qa.z_liuhaoqun_lenarn_canshu.setting_dependent_group"/>
    <testcase name="shutDownApp" time="0.0" classname="com.qa.z_liuhaoqun_lenarn_canshu.setting_dependent_group"/>
    <testcase name="startAppServer" time="0.0" classname="com.qa.z_liuhaoqun_lenarn_canshu.setting_dependent_group"/>
    <testcase name="tomcatServiceIsDown" time="0.0"
              classname="com.qa.z_liuhaoqun_lenarn_canshu.setting_dependent_group"/>
    <testcase name="test01" time="0.0" classname="com.qa.z_liuhaoqun_lenarn_canshu.ReRunFailedTestDemo"/>
    <testcase name="test03" time="0.001" classname="com.qa.z_liuhaoqun_lenarn_canshu.ReRunFailedTestDemo">
        <failure type="java.lang.AssertionError" message="expected [true] but found [false]">
            <![CDATA[java.lang.AssertionError: expected [true] but found [false]
at com.qa.z_liuhaoqun_lenarn_canshu.ReRunFailedTestDemo.test03(ReRunFailedTestDemo.java:23)
at com.qa.z_liuhaoqun_lenarn_canshu.a_first_ReRunTestNg.main(ReRunTestNg.java:20)
... Removed 26 stack frames]]>
        </failure>
    </testcase> <!-- test03 -->
    <testcase name="test05" time="0.0" classname="com.qa.z_liuhaoqun_lenarn_canshu.ReRunFailedTestDemo">
        <failure type="java.lang.AssertionError" message="expected [true] but found [false]">
            <![CDATA[java.lang.AssertionError: expected [true] but found [false]
at com.qa.z_liuhaoqun_lenarn_canshu.ReRunFailedTestDemo.test05(ReRunFailedTestDemo.java:34)
at com.qa.z_liuhaoqun_lenarn_canshu.a_first_ReRunTestNg.main(ReRunTestNg.java:20)
... Removed 26 stack frames]]>
        </failure>
    </testcase> <!-- test05 -->
    <testcase name="test01" time="0.0" classname="com.qa.z_liuhaoqun_lenarn_canshu.testng_group">
        <ignored/>
    </testcase> <!-- test01 -->
    <testcase name="test2" time="0.0" classname="com.qa.z_liuhaoqun_lenarn_canshu.enabled_priopity">
        <ignored/>
    </testcase> <!-- test2 -->
    <testcase name="test03" time="0.0" classname="com.qa.z_liuhaoqun_lenarn_canshu.testng_group">
        <ignored/>
    </testcase> <!-- test03 -->
</testsuite> <!-- API_AutoFramework_Demo -->
